Determining if the pthread_create exist failed with the following output:
Change Dir: /home/taylor/Git/CSG/build/CMakeFiles/CMakeTmp

Run Build Command:/usr/bin/make "cmTryCompileExec2843539380/fast"
/usr/bin/make -f CMakeFiles/cmTryCompileExec2843539380.dir/build.make CMakeFiles/cmTryCompileExec2843539380.dir/build
make[1]: Entering directory `/home/taylor/Dropbox/Programming/Git/CSG/build/CMakeFiles/CMakeTmp'
/usr/bin/cmake -E cmake_progress_report /home/taylor/Git/CSG/build/CMakeFiles/CMakeTmp/CMakeFiles 1
Building C object CMakeFiles/cmTryCompileExec2843539380.dir/CheckSymbolExists.c.o
/usr/bin/cc    -o CMakeFiles/cmTryCompileExec2843539380.dir/CheckSymbolExists.c.o   -c /home/taylor/Git/CSG/build/CMakeFiles/CMakeTmp/CheckSymbolExists.c
Linking C executable cmTryCompileExec2843539380
/usr/bin/cmake -E cmake_link_script CMakeFiles/cmTryCompileExec2843539380.dir/link.txt --verbose=1
/usr/bin/cc         CMakeFiles/cmTryCompileExec2843539380.dir/CheckSymbolExists.c.o  -o cmTryCompileExec2843539380 -rdynamic 
CMakeFiles/cmTryCompileExec2843539380.dir/CheckSymbolExists.c.o: In function `main':
CheckSymbolExists.c:(.text+0xa): undefined reference to `pthread_create'
collect2: error: ld returned 1 exit status
make[1]: Leaving directory `/home/taylor/Dropbox/Programming/Git/CSG/build/CMakeFiles/CMakeTmp'
make[1]: *** [cmTryCompileExec2843539380] Error 1
make: *** [cmTryCompileExec2843539380/fast] Error 2

File /home/taylor/Git/CSG/build/CMakeFiles/CMakeTmp/CheckSymbolExists.c:
/* */
#include <pthread.h>

int main(int argc, char** argv)
{
  (void)argv;
#ifndef pthread_create
  return ((int*)(&pthread_create))[argc];
#else
  (void)argc;
  return 0;
#endif
}

Determining if the function pthread_create exists in the pthreads failed with the following output:
Change Dir: /home/taylor/Git/CSG/build/CMakeFiles/CMakeTmp

Run Build Command:/usr/bin/make "cmTryCompileExec1698337134/fast"
/usr/bin/make -f CMakeFiles/cmTryCompileExec1698337134.dir/build.make CMakeFiles/cmTryCompileExec1698337134.dir/build
make[1]: Entering directory `/home/taylor/Dropbox/Programming/Git/CSG/build/CMakeFiles/CMakeTmp'
/usr/bin/cmake -E cmake_progress_report /home/taylor/Git/CSG/build/CMakeFiles/CMakeTmp/CMakeFiles 1
Building C object CMakeFiles/cmTryCompileExec1698337134.dir/CheckFunctionExists.c.o
/usr/bin/cc   -DCHECK_FUNCTION_EXISTS=pthread_create   -o CMakeFiles/cmTryCompileExec1698337134.dir/CheckFunctionExists.c.o   -c /usr/share/cmake-2.8/Modules/CheckFunctionExists.c
Linking C executable cmTryCompileExec1698337134
/usr/bin/cmake -E cmake_link_script CMakeFiles/cmTryCompileExec1698337134.dir/link.txt --verbose=1
/usr/bin/cc     -DCHECK_FUNCTION_EXISTS=pthread_create    CMakeFiles/cmTryCompileExec1698337134.dir/CheckFunctionExists.c.o  -o cmTryCompileExec1698337134 -rdynamic -lpthreads 
/usr/bin/ld: cannot find -lpthreads
collect2: error: ld returned 1 exit status
make[1]: Leaving directory `/home/taylor/Dropbox/Programming/Git/CSG/build/CMakeFiles/CMakeTmp'
make[1]: *** [cmTryCompileExec1698337134] Error 1
make: *** [cmTryCompileExec1698337134/fast] Error 2


